<?xml version="1.0" encoding="UTF-8"?>
<!-- Generated by org.testng.reporters.JUnitXMLReporter -->
<testsuite hostname="NB-RW250" ignored="0" name="Test" tests="1" failures="1" timestamp="20 Jun 2017 03:39:55 GMT" time="59.236" errors="0">
  <testcase name="mainPage" time="36.965" classname="testRyanairUtilities.MainClassToRun">
    <failure type="org.openqa.selenium.NoSuchWindowException" message="Window not found. The browser window may have been closed.
Command duration or timeout: 166 milliseconds
Build info: version: &amp;apos;2.44.0&amp;apos;, revision: &amp;apos;76d78cf&amp;apos;, time: &amp;apos;2014-10-23 20:03:00&amp;apos;
System info: host: &amp;apos;NB-RW250&amp;apos;, ip: &amp;apos;192.168.145.1&amp;apos;, os.name: &amp;apos;Windows 10&amp;apos;, os.arch: &amp;apos;x86&amp;apos;, os.version: &amp;apos;10.0&amp;apos;, java.version: &amp;apos;1.8.0_131&amp;apos;
Driver info: org.openqa.selenium.firefox.FirefoxDriver
Capabilities [{applicationCacheEnabled=true, rotatable=false, handlesAlerts=true, databaseEnabled=true, version=29.0.1, platform=WINDOWS, browserConnectionEnabled=true, nativeEvents=false, acceptSslCerts=true, webStorageEnabled=true, locationContextEnabled=true, browserName=firefox, takesScreenshot=true, javascriptEnabled=true, cssSelectorsEnabled=true}]
Session ID: f92bd815-7c16-4bde-b52d-7111502e506e">
      <![CDATA[org.openqa.selenium.NoSuchWindowException: Window not found. The browser window may have been closed.
Command duration or timeout: 166 milliseconds
Build info: version: '2.44.0', revision: '76d78cf', time: '2014-10-23 20:03:00'
System info: host: 'NB-RW250', ip: '192.168.145.1', os.name: 'Windows 10', os.arch: 'x86', os.version: '10.0', java.version: '1.8.0_131'
Driver info: org.openqa.selenium.firefox.FirefoxDriver
Capabilities [{applicationCacheEnabled=true, rotatable=false, handlesAlerts=true, databaseEnabled=true, version=29.0.1, platform=WINDOWS, browserConnectionEnabled=true, nativeEvents=false, acceptSslCerts=true, webStorageEnabled=true, locationContextEnabled=true, browserName=firefox, takesScreenshot=true, javascriptEnabled=true, cssSelectorsEnabled=true}]
Session ID: f92bd815-7c16-4bde-b52d-7111502e506e
	at org.openqa.selenium.remote.ErrorHandler.createThrowable(ErrorHandler.java:204)
	at org.openqa.selenium.remote.ErrorHandler.throwIfResponseFailed(ErrorHandler.java:156)
	at org.openqa.selenium.remote.RemoteWebDriver.execute(RemoteWebDriver.java:599)
	at org.openqa.selenium.remote.RemoteWebDriver.findElement(RemoteWebDriver.java:352)
	at org.openqa.selenium.remote.RemoteWebDriver.findElementByXPath(RemoteWebDriver.java:449)
	at org.openqa.selenium.By$ByXPath.findElement(By.java:357)
	at org.openqa.selenium.remote.RemoteWebDriver.findElement(RemoteWebDriver.java:344)
	at testRyanairUtilities.RyanairDestinationAirport.selectFromDestinationAirport(RyanairDestinationAirport.java:22)
	at testRyanairUtilities.MainClassToRun.mainPage(MainClassToRun.java:47)
Caused by: org.openqa.selenium.NoSuchWindowException: Window not found. The browser window may have been closed.
Build info: version: '2.44.0', revision: '76d78cf', time: '2014-10-23 20:03:00'
System info: host: 'NB-RW250', ip: '192.168.145.1', os.name: 'Windows 10', os.arch: 'x86', os.version: '10.0', java.version: '1.8.0_131'
Driver info: driver.version: unknown
	at <anonymous class>.nsCommandProcessor.prototype.execute(file:///C:/Users/RWAdmin/AppData/Local/Temp/anonymous8064163061534399799webdriver-profile/extensions/fxdriver@googlecode.com/components/command-processor.js:11706)
	at <anonymous class>.Dispatcher.executeAs/<(file:///C:/Users/RWAdmin/AppData/Local/Temp/anonymous8064163061534399799webdriver-profile/extensions/fxdriver@googlecode.com/components/driver-component.js:8437)
	at <anonymous class>.Resource.prototype.handle(file:///C:/Users/RWAdmin/AppData/Local/Temp/anonymous8064163061534399799webdriver-profile/extensions/fxdriver@googlecode.com/components/driver-component.js:8584)
	at <anonymous class>.Dispatcher.prototype.dispatch(file:///C:/Users/RWAdmin/AppData/Local/Temp/anonymous8064163061534399799webdriver-profile/extensions/fxdriver@googlecode.com/components/driver-component.js:8531)
	at <anonymous class>.WebDriverServer/<.handle(file:///C:/Users/RWAdmin/AppData/Local/Temp/anonymous8064163061534399799webdriver-profile/extensions/fxdriver@googlecode.com/components/driver-component.js:11489)
	at <anonymous class>.createHandlerFunc/<(file:///C:/Users/RWAdmin/AppData/Local/Temp/anonymous8064163061534399799webdriver-profile/extensions/fxdriver@googlecode.com/components/httpd.js:1935)
	at <anonymous class>.ServerHandler.prototype.handleResponse(file:///C:/Users/RWAdmin/AppData/Local/Temp/anonymous8064163061534399799webdriver-profile/extensions/fxdriver@googlecode.com/components/httpd.js:2261)
	at <anonymous class>.Connection.prototype.process(file:///C:/Users/RWAdmin/AppData/Local/Temp/anonymous8064163061534399799webdriver-profile/extensions/fxdriver@googlecode.com/components/httpd.js:1168)
	at <anonymous class>.RequestReader.prototype._handleResponse(file:///C:/Users/RWAdmin/AppData/Local/Temp/anonymous8064163061534399799webdriver-profile/extensions/fxdriver@googlecode.com/components/httpd.js:1616)
	at <anonymous class>.RequestReader.prototype._processBody(file:///C:/Users/RWAdmin/AppData/Local/Temp/anonymous8064163061534399799webdriver-profile/extensions/fxdriver@googlecode.com/components/httpd.js:1464)
	at <anonymous class>.RequestReader.prototype.onInputStreamReady(file:///C:/Users/RWAdmin/AppData/Local/Temp/anonymous8064163061534399799webdriver-profile/extensions/fxdriver@googlecode.com/components/httpd.js:1333)
... Removed 29 stack frames]]>
    </failure>
  </testcase> <!-- mainPage -->
</testsuite> <!-- Test -->
