<html>
<head>
<title>TestNG:  Test</title>
<link href="../testng.css" rel="stylesheet" type="text/css" />
<link href="../my-testng.css" rel="stylesheet" type="text/css" />

<style type="text/css">
.log { display: none;} 
.stack-trace { display: none;} 
</style>
<script type="text/javascript">
<!--
function flip(e) {
  current = e.style.display;
  if (current == 'block') {
    e.style.display = 'none';
    return 0;
  }
  else {
    e.style.display = 'block';
    return 1;
  }
}

function toggleBox(szDivId, elem, msg1, msg2)
{
  var res = -1;  if (document.getElementById) {
    res = flip(document.getElementById(szDivId));
  }
  else if (document.all) {
    // this is the way old msie versions work
    res = flip(document.all[szDivId]);
  }
  if(elem) {
    if(res == 0) elem.innerHTML = msg1; else elem.innerHTML = msg2;
  }

}

function toggleAllBoxes() {
  if (document.getElementsByTagName) {
    d = document.getElementsByTagName('div');
    for (i = 0; i < d.length; i++) {
      if (d[i].className == 'log') {
        flip(d[i]);
      }
    }
  }
}

// -->
</script>

</head>
<body>
<h2 align='center'>Test</h2><table border='1' align="center">
<tr>
<td>Tests passed/Failed/Skipped:</td><td>0/1/0</td>
</tr><tr>
<td>Started on:</td><td>Mon Jun 19 21:38:56 CST 2017</td>
</tr>
<tr><td>Total time:</td><td>59 seconds (59236 ms)</td>
</tr><tr>
<td>Included groups:</td><td></td>
</tr><tr>
<td>Excluded groups:</td><td></td>
</tr>
</table><p/>
<small><i>(Hover the method name to see the test class name)</i></small><p/>
<table width='100%' border='1' class='invocation-failed'>
<tr><td colspan='4' align='center'><b>FAILED TESTS</b></td></tr>
<tr><td><b>Test method</b></td>
<td width="30%"><b>Exception</b></td>
<td width="10%"><b>Time (seconds)</b></td>
<td><b>Instance</b></td>
</tr>
<tr>
<td title='testRyanairUtilities.MainClassToRun.mainPage()'><b>mainPage</b><br>Test class: testRyanairUtilities.MainClassToRun</td>
<td><div><pre>org.openqa.selenium.NoSuchWindowException: Window not found. The browser window may have been closed.
Command duration or timeout: 166 milliseconds
Build info: version: &apos;2.44.0&apos;, revision: &apos;76d78cf&apos;, time: &apos;2014-10-23 20:03:00&apos;
System info: host: &apos;NB-RW250&apos;, ip: &apos;192.168.145.1&apos;, os.name: &apos;Windows 10&apos;, os.arch: &apos;x86&apos;, os.version: &apos;10.0&apos;, java.version: &apos;1.8.0_131&apos;
Driver info: org.openqa.selenium.firefox.FirefoxDriver
Capabilities [{applicationCacheEnabled=true, rotatable=false, handlesAlerts=true, databaseEnabled=true, version=29.0.1, platform=WINDOWS, browserConnectionEnabled=true, nativeEvents=false, acceptSslCerts=true, webStorageEnabled=true, locationContextEnabled=true, browserName=firefox, takesScreenshot=true, javascriptEnabled=true, cssSelectorsEnabled=true}]
Session ID: f92bd815-7c16-4bde-b52d-7111502e506e
	at org.openqa.selenium.remote.ErrorHandler.createThrowable(ErrorHandler.java:204)
	at org.openqa.selenium.remote.ErrorHandler.throwIfResponseFailed(ErrorHandler.java:156)
	at org.openqa.selenium.remote.RemoteWebDriver.execute(RemoteWebDriver.java:599)
	at org.openqa.selenium.remote.RemoteWebDriver.findElement(RemoteWebDriver.java:352)
	at org.openqa.selenium.remote.RemoteWebDriver.findElementByXPath(RemoteWebDriver.java:449)
	at org.openqa.selenium.By$ByXPath.findElement(By.java:357)
	at org.openqa.selenium.remote.RemoteWebDriver.findElement(RemoteWebDriver.java:344)
	at testRyanairUtilities.RyanairDestinationAirport.selectFromDestinationAirport(RyanairDestinationAirport.java:22)
	at testRyanairUtilities.MainClassToRun.mainPage(MainClassToRun.java:47)
Caused by: org.openqa.selenium.NoSuchWindowException: Window not found. The browser window may have been closed.
Build info: version: &apos;2.44.0&apos;, revision: &apos;76d78cf&apos;, time: &apos;2014-10-23 20:03:00&apos;
System info: host: &apos;NB-RW250&apos;, ip: &apos;192.168.145.1&apos;, os.name: &apos;Windows 10&apos;, os.arch: &apos;x86&apos;, os.version: &apos;10.0&apos;, java.version: &apos;1.8.0_131&apos;
Driver info: driver.version: unknown
	at &lt;anonymous class&gt;.nsCommandProcessor.prototype.execute(file:///C:/Users/RWAdmin/AppData/Local/Temp/anonymous8064163061534399799webdriver-profile/extensions/fxdriver@googlecode.com/components/command-processor.js:11706)
	at &lt;anonymous class&gt;.Dispatcher.executeAs/&lt;(file:///C:/Users/RWAdmin/AppData/Local/Temp/anonymous8064163061534399799webdriver-profile/extensions/fxdriver@googlecode.com/components/driver-component.js:8437)
	at &lt;anonymous class&gt;.Resource.prototype.handle(file:///C:/Users/RWAdmin/AppData/Local/Temp/anonymous8064163061534399799webdriver-profile/extensions/fxdriver@googlecode.com/components/driver-component.js:8584)
	at &lt;anonymous class&gt;.Dispatcher.prototype.dispatch(file:///C:/Users/RWAdmin/AppData/Local/Temp/anonymous8064163061534399799webdriver-profile/extensions/fxdriver@googlecode.com/components/driver-component.js:8531)
	at &lt;anonymous class&gt;.WebDriverServer/&lt;.handle(file:///C:/Users/RWAdmin/AppData/Local/Temp/anonymous8064163061534399799webdriver-profile/extensions/fxdriver@googlecode.com/components/driver-component.js:11489)
	at &lt;anonymous class&gt;.createHandlerFunc/&lt;(file:///C:/Users/RWAdmin/AppData/Local/Temp/anonymous8064163061534399799webdriver-profile/extensions/fxdriver@googlecode.com/components/httpd.js:1935)
	at &lt;anonymous class&gt;.ServerHandler.prototype.handleResponse(file:///C:/Users/RWAdmin/AppData/Local/Temp/anonymous8064163061534399799webdriver-profile/extensions/fxdriver@googlecode.com/components/httpd.js:2261)
	at &lt;anonymous class&gt;.Connection.prototype.process(file:///C:/Users/RWAdmin/AppData/Local/Temp/anonymous8064163061534399799webdriver-profile/extensions/fxdriver@googlecode.com/components/httpd.js:1168)
	at &lt;anonymous class&gt;.RequestReader.prototype._handleResponse(file:///C:/Users/RWAdmin/AppData/Local/Temp/anonymous8064163061534399799webdriver-profile/extensions/fxdriver@googlecode.com/components/httpd.js:1616)
	at &lt;anonymous class&gt;.RequestReader.prototype._processBody(file:///C:/Users/RWAdmin/AppData/Local/Temp/anonymous8064163061534399799webdriver-profile/extensions/fxdriver@googlecode.com/components/httpd.js:1464)
	at &lt;anonymous class&gt;.RequestReader.prototype.onInputStreamReady(file:///C:/Users/RWAdmin/AppData/Local/Temp/anonymous8064163061534399799webdriver-profile/extensions/fxdriver@googlecode.com/components/httpd.js:1333)
... Removed 29 stack frames</pre></div><a href='#' onClick='toggleBox("stack-trace23698997", this, "Click to show all stack frames", "Click to hide stack frames")'>Click to show all stack frames</a>
<div class='stack-trace' id='stack-trace23698997'><pre>org.openqa.selenium.NoSuchWindowException: Window not found. The browser window may have been closed.
Command duration or timeout: 166 milliseconds
Build info: version: &apos;2.44.0&apos;, revision: &apos;76d78cf&apos;, time: &apos;2014-10-23 20:03:00&apos;
System info: host: &apos;NB-RW250&apos;, ip: &apos;192.168.145.1&apos;, os.name: &apos;Windows 10&apos;, os.arch: &apos;x86&apos;, os.version: &apos;10.0&apos;, java.version: &apos;1.8.0_131&apos;
Driver info: org.openqa.selenium.firefox.FirefoxDriver
Capabilities [{applicationCacheEnabled=true, rotatable=false, handlesAlerts=true, databaseEnabled=true, version=29.0.1, platform=WINDOWS, browserConnectionEnabled=true, nativeEvents=false, acceptSslCerts=true, webStorageEnabled=true, locationContextEnabled=true, browserName=firefox, takesScreenshot=true, javascriptEnabled=true, cssSelectorsEnabled=true}]
Session ID: f92bd815-7c16-4bde-b52d-7111502e506e
	at sun.reflect.NativeConstructorAccessorImpl.newInstance0(Native Method)
	at sun.reflect.NativeConstructorAccessorImpl.newInstance(Unknown Source)
	at sun.reflect.DelegatingConstructorAccessorImpl.newInstance(Unknown Source)
	at java.lang.reflect.Constructor.newInstance(Unknown Source)
	at org.openqa.selenium.remote.ErrorHandler.createThrowable(ErrorHandler.java:204)
	at org.openqa.selenium.remote.ErrorHandler.throwIfResponseFailed(ErrorHandler.java:156)
	at org.openqa.selenium.remote.RemoteWebDriver.execute(RemoteWebDriver.java:599)
	at org.openqa.selenium.remote.RemoteWebDriver.findElement(RemoteWebDriver.java:352)
	at org.openqa.selenium.remote.RemoteWebDriver.findElementByXPath(RemoteWebDriver.java:449)
	at org.openqa.selenium.By$ByXPath.findElement(By.java:357)
	at org.openqa.selenium.remote.RemoteWebDriver.findElement(RemoteWebDriver.java:344)
	at testRyanairUtilities.RyanairDestinationAirport.selectFromDestinationAirport(RyanairDestinationAirport.java:22)
	at testRyanairUtilities.MainClassToRun.mainPage(MainClassToRun.java:47)
	at sun.reflect.NativeMethodAccessorImpl.invoke0(Native Method)
	at sun.reflect.NativeMethodAccessorImpl.invoke(Unknown Source)
	at sun.reflect.DelegatingMethodAccessorImpl.invoke(Unknown Source)
	at java.lang.reflect.Method.invoke(Unknown Source)
	at org.testng.internal.MethodInvocationHelper.invokeMethod(MethodInvocationHelper.java:108)
	at org.testng.internal.Invoker.invokeMethod(Invoker.java:661)
	at org.testng.internal.Invoker.invokeTestMethod(Invoker.java:869)
	at org.testng.internal.Invoker.invokeTestMethods(Invoker.java:1193)
	at org.testng.internal.TestMethodWorker.invokeTestMethods(TestMethodWorker.java:126)
	at org.testng.internal.TestMethodWorker.run(TestMethodWorker.java:109)
	at org.testng.TestRunner.privateRun(TestRunner.java:744)
	at org.testng.TestRunner.run(TestRunner.java:602)
	at org.testng.SuiteRunner.runTest(SuiteRunner.java:380)
	at org.testng.SuiteRunner.runSequentially(SuiteRunner.java:375)
	at org.testng.SuiteRunner.privateRun(SuiteRunner.java:340)
	at org.testng.SuiteRunner.run(SuiteRunner.java:289)
	at org.testng.SuiteRunnerWorker.runSuite(SuiteRunnerWorker.java:52)
	at org.testng.SuiteRunnerWorker.run(SuiteRunnerWorker.java:86)
	at org.testng.TestNG.runSuitesSequentially(TestNG.java:1301)
	at org.testng.TestNG.runSuitesLocally(TestNG.java:1226)
	at org.testng.TestNG.runSuites(TestNG.java:1144)
	at org.testng.TestNG.run(TestNG.java:1115)
	at org.testng.remote.AbstractRemoteTestNG.run(AbstractRemoteTestNG.java:132)
	at org.testng.remote.RemoteTestNG.initAndRun(RemoteTestNG.java:230)
	at org.testng.remote.RemoteTestNG.main(RemoteTestNG.java:76)
Caused by: org.openqa.selenium.NoSuchWindowException: Window not found. The browser window may have been closed.
Build info: version: &apos;2.44.0&apos;, revision: &apos;76d78cf&apos;, time: &apos;2014-10-23 20:03:00&apos;
System info: host: &apos;NB-RW250&apos;, ip: &apos;192.168.145.1&apos;, os.name: &apos;Windows 10&apos;, os.arch: &apos;x86&apos;, os.version: &apos;10.0&apos;, java.version: &apos;1.8.0_131&apos;
Driver info: driver.version: unknown
	at &lt;anonymous class&gt;.nsCommandProcessor.prototype.execute(file:///C:/Users/RWAdmin/AppData/Local/Temp/anonymous8064163061534399799webdriver-profile/extensions/fxdriver@googlecode.com/components/command-processor.js:11706)
	at &lt;anonymous class&gt;.Dispatcher.executeAs/&lt;(file:///C:/Users/RWAdmin/AppData/Local/Temp/anonymous8064163061534399799webdriver-profile/extensions/fxdriver@googlecode.com/components/driver-component.js:8437)
	at &lt;anonymous class&gt;.Resource.prototype.handle(file:///C:/Users/RWAdmin/AppData/Local/Temp/anonymous8064163061534399799webdriver-profile/extensions/fxdriver@googlecode.com/components/driver-component.js:8584)
	at &lt;anonymous class&gt;.Dispatcher.prototype.dispatch(file:///C:/Users/RWAdmin/AppData/Local/Temp/anonymous8064163061534399799webdriver-profile/extensions/fxdriver@googlecode.com/components/driver-component.js:8531)
	at &lt;anonymous class&gt;.WebDriverServer/&lt;.handle(file:///C:/Users/RWAdmin/AppData/Local/Temp/anonymous8064163061534399799webdriver-profile/extensions/fxdriver@googlecode.com/components/driver-component.js:11489)
	at &lt;anonymous class&gt;.createHandlerFunc/&lt;(file:///C:/Users/RWAdmin/AppData/Local/Temp/anonymous8064163061534399799webdriver-profile/extensions/fxdriver@googlecode.com/components/httpd.js:1935)
	at &lt;anonymous class&gt;.ServerHandler.prototype.handleResponse(file:///C:/Users/RWAdmin/AppData/Local/Temp/anonymous8064163061534399799webdriver-profile/extensions/fxdriver@googlecode.com/components/httpd.js:2261)
	at &lt;anonymous class&gt;.Connection.prototype.process(file:///C:/Users/RWAdmin/AppData/Local/Temp/anonymous8064163061534399799webdriver-profile/extensions/fxdriver@googlecode.com/components/httpd.js:1168)
	at &lt;anonymous class&gt;.RequestReader.prototype._handleResponse(file:///C:/Users/RWAdmin/AppData/Local/Temp/anonymous8064163061534399799webdriver-profile/extensions/fxdriver@googlecode.com/components/httpd.js:1616)
	at &lt;anonymous class&gt;.RequestReader.prototype._processBody(file:///C:/Users/RWAdmin/AppData/Local/Temp/anonymous8064163061534399799webdriver-profile/extensions/fxdriver@googlecode.com/components/httpd.js:1464)
	at &lt;anonymous class&gt;.RequestReader.prototype.onInputStreamReady(file:///C:/Users/RWAdmin/AppData/Local/Temp/anonymous8064163061534399799webdriver-profile/extensions/fxdriver@googlecode.com/components/httpd.js:1333)
</pre></div></td>
<td>36</td>
<td>testRyanairUtilities.MainClassToRun@c4f3a0</td></tr>
</table><p>
</body>
</html>