<?xml version="1.0" encoding="UTF-8"?>
<testng-results skipped="0" failed="1" ignored="0" total="1" passed="0">
  <reporter-output>
  </reporter-output>
  <suite name="Suite" duration-ms="59236" started-at="2017-06-20T03:38:56Z" finished-at="2017-06-20T03:39:55Z">
    <groups>
    </groups>
    <test name="Test" duration-ms="59236" started-at="2017-06-20T03:38:56Z" finished-at="2017-06-20T03:39:55Z">
      <class name="testRyanairUtilities.MainClassToRun">
        <test-method status="PASS" signature="init()[pri:0, instance:testRyanairUtilities.MainClassToRun@c4f3a0]" name="init" is-config="true" duration-ms="22237" started-at="2017-06-19T21:38:56Z" finished-at="2017-06-19T21:39:18Z">
          <reporter-output>
          </reporter-output>
        </test-method> <!-- init -->
        <test-method status="FAIL" signature="mainPage()[pri:0, instance:testRyanairUtilities.MainClassToRun@c4f3a0]" name="mainPage" duration-ms="36965" started-at="2017-06-19T21:39:18Z" finished-at="2017-06-19T21:39:55Z">
          <exception class="org.openqa.selenium.NoSuchWindowException">
            <message>
              <![CDATA[Window not found. The browser window may have been closed.
Command duration or timeout: 166 milliseconds
Build info: version: '2.44.0', revision: '76d78cf', time: '2014-10-23 20:03:00'
System info: host: 'NB-RW250', ip: '192.168.145.1', os.name: 'Windows 10', os.arch: 'x86', os.version: '10.0', java.version: '1.8.0_131'
Driver info: org.openqa.selenium.firefox.FirefoxDriver
Capabilities [{applicationCacheEnabled=true, rotatable=false, handlesAlerts=true, databaseEnabled=true, version=29.0.1, platform=WINDOWS, browserConnectionEnabled=true, nativeEvents=false, acceptSslCerts=true, webStorageEnabled=true, locationContextEnabled=true, browserName=firefox, takesScreenshot=true, javascriptEnabled=true, cssSelectorsEnabled=true}]
Session ID: f92bd815-7c16-4bde-b52d-7111502e506e]]>
            </message>
            <full-stacktrace>
              <![CDATA[org.openqa.selenium.NoSuchWindowException: Window not found. The browser window may have been closed.
Command duration or timeout: 166 milliseconds
Build info: version: '2.44.0', revision: '76d78cf', time: '2014-10-23 20:03:00'
System info: host: 'NB-RW250', ip: '192.168.145.1', os.name: 'Windows 10', os.arch: 'x86', os.version: '10.0', java.version: '1.8.0_131'
Driver info: org.openqa.selenium.firefox.FirefoxDriver
Capabilities [{applicationCacheEnabled=true, rotatable=false, handlesAlerts=true, databaseEnabled=true, version=29.0.1, platform=WINDOWS, browserConnectionEnabled=true, nativeEvents=false, acceptSslCerts=true, webStorageEnabled=true, locationContextEnabled=true, browserName=firefox, takesScreenshot=true, javascriptEnabled=true, cssSelectorsEnabled=true}]
Session ID: f92bd815-7c16-4bde-b52d-7111502e506e
	at sun.reflect.NativeConstructorAccessorImpl.newInstance0(Native Method)
	at sun.reflect.NativeConstructorAccessorImpl.newInstance(Unknown Source)
	at sun.reflect.DelegatingConstructorAccessorImpl.newInstance(Unknown Source)
	at java.lang.reflect.Constructor.newInstance(Unknown Source)
	at org.openqa.selenium.remote.ErrorHandler.createThrowable(ErrorHandler.java:204)
	at org.openqa.selenium.remote.ErrorHandler.throwIfResponseFailed(ErrorHandler.java:156)
	at org.openqa.selenium.remote.RemoteWebDriver.execute(RemoteWebDriver.java:599)
	at org.openqa.selenium.remote.RemoteWebDriver.findElement(RemoteWebDriver.java:352)
	at org.openqa.selenium.remote.RemoteWebDriver.findElementByXPath(RemoteWebDriver.java:449)
	at org.openqa.selenium.By$ByXPath.findElement(By.java:357)
	at org.openqa.selenium.remote.RemoteWebDriver.findElement(RemoteWebDriver.java:344)
	at testRyanairUtilities.RyanairDestinationAirport.selectFromDestinationAirport(RyanairDestinationAirport.java:22)
	at testRyanairUtilities.MainClassToRun.mainPage(MainClassToRun.java:47)
	at sun.reflect.NativeMethodAccessorImpl.invoke0(Native Method)
	at sun.reflect.NativeMethodAccessorImpl.invoke(Unknown Source)
	at sun.reflect.DelegatingMethodAccessorImpl.invoke(Unknown Source)
	at java.lang.reflect.Method.invoke(Unknown Source)
	at org.testng.internal.MethodInvocationHelper.invokeMethod(MethodInvocationHelper.java:108)
	at org.testng.internal.Invoker.invokeMethod(Invoker.java:661)
	at org.testng.internal.Invoker.invokeTestMethod(Invoker.java:869)
	at org.testng.internal.Invoker.invokeTestMethods(Invoker.java:1193)
	at org.testng.internal.TestMethodWorker.invokeTestMethods(TestMethodWorker.java:126)
	at org.testng.internal.TestMethodWorker.run(TestMethodWorker.java:109)
	at org.testng.TestRunner.privateRun(TestRunner.java:744)
	at org.testng.TestRunner.run(TestRunner.java:602)
	at org.testng.SuiteRunner.runTest(SuiteRunner.java:380)
	at org.testng.SuiteRunner.runSequentially(SuiteRunner.java:375)
	at org.testng.SuiteRunner.privateRun(SuiteRunner.java:340)
	at org.testng.SuiteRunner.run(SuiteRunner.java:289)
	at org.testng.SuiteRunnerWorker.runSuite(SuiteRunnerWorker.java:52)
	at org.testng.SuiteRunnerWorker.run(SuiteRunnerWorker.java:86)
	at org.testng.TestNG.runSuitesSequentially(TestNG.java:1301)
	at org.testng.TestNG.runSuitesLocally(TestNG.java:1226)
	at org.testng.TestNG.runSuites(TestNG.java:1144)
	at org.testng.TestNG.run(TestNG.java:1115)
	at org.testng.remote.AbstractRemoteTestNG.run(AbstractRemoteTestNG.java:132)
	at org.testng.remote.RemoteTestNG.initAndRun(RemoteTestNG.java:230)
	at org.testng.remote.RemoteTestNG.main(RemoteTestNG.java:76)
Caused by: org.openqa.selenium.NoSuchWindowException: Window not found. The browser window may have been closed.
Build info: version: '2.44.0', revision: '76d78cf', time: '2014-10-23 20:03:00'
System info: host: 'NB-RW250', ip: '192.168.145.1', os.name: 'Windows 10', os.arch: 'x86', os.version: '10.0', java.version: '1.8.0_131'
Driver info: driver.version: unknown
	at <anonymous class>.nsCommandProcessor.prototype.execute(file:///C:/Users/RWAdmin/AppData/Local/Temp/anonymous8064163061534399799webdriver-profile/extensions/fxdriver@googlecode.com/components/command-processor.js:11706)
	at <anonymous class>.Dispatcher.executeAs/<(file:///C:/Users/RWAdmin/AppData/Local/Temp/anonymous8064163061534399799webdriver-profile/extensions/fxdriver@googlecode.com/components/driver-component.js:8437)
	at <anonymous class>.Resource.prototype.handle(file:///C:/Users/RWAdmin/AppData/Local/Temp/anonymous8064163061534399799webdriver-profile/extensions/fxdriver@googlecode.com/components/driver-component.js:8584)
	at <anonymous class>.Dispatcher.prototype.dispatch(file:///C:/Users/RWAdmin/AppData/Local/Temp/anonymous8064163061534399799webdriver-profile/extensions/fxdriver@googlecode.com/components/driver-component.js:8531)
	at <anonymous class>.WebDriverServer/<.handle(file:///C:/Users/RWAdmin/AppData/Local/Temp/anonymous8064163061534399799webdriver-profile/extensions/fxdriver@googlecode.com/components/driver-component.js:11489)
	at <anonymous class>.createHandlerFunc/<(file:///C:/Users/RWAdmin/AppData/Local/Temp/anonymous8064163061534399799webdriver-profile/extensions/fxdriver@googlecode.com/components/httpd.js:1935)
	at <anonymous class>.ServerHandler.prototype.handleResponse(file:///C:/Users/RWAdmin/AppData/Local/Temp/anonymous8064163061534399799webdriver-profile/extensions/fxdriver@googlecode.com/components/httpd.js:2261)
	at <anonymous class>.Connection.prototype.process(file:///C:/Users/RWAdmin/AppData/Local/Temp/anonymous8064163061534399799webdriver-profile/extensions/fxdriver@googlecode.com/components/httpd.js:1168)
	at <anonymous class>.RequestReader.prototype._handleResponse(file:///C:/Users/RWAdmin/AppData/Local/Temp/anonymous8064163061534399799webdriver-profile/extensions/fxdriver@googlecode.com/components/httpd.js:1616)
	at <anonymous class>.RequestReader.prototype._processBody(file:///C:/Users/RWAdmin/AppData/Local/Temp/anonymous8064163061534399799webdriver-profile/extensions/fxdriver@googlecode.com/components/httpd.js:1464)
	at <anonymous class>.RequestReader.prototype.onInputStreamReady(file:///C:/Users/RWAdmin/AppData/Local/Temp/anonymous8064163061534399799webdriver-profile/extensions/fxdriver@googlecode.com/components/httpd.js:1333)
]]>
            </full-stacktrace>
          </exception> <!-- org.openqa.selenium.NoSuchWindowException -->
          <reporter-output>
          </reporter-output>
        </test-method> <!-- mainPage -->
      </class> <!-- testRyanairUtilities.MainClassToRun -->
    </test> <!-- Test -->
  </suite> <!-- Suite -->
</testng-results>
